2022-04-09 17:39:18,026 [INFO] Program start.
2022-04-09 17:44:12,437 [INFO] Program start.
2022-04-09 17:44:12,439 [INFO] Choose option to do the operation.
2022-04-09 17:44:12,439 [INFO] 1. Add, 2. update , 3. select,  4. delete 
2022-04-09 17:44:38,734 [INFO] Program start.
2022-04-09 17:44:38,735 [INFO] Choose option to do the operation.
2022-04-09 17:44:38,735 [INFO] 1. Add 
, 2. update 
 , 3. select,  
4. delete 
2022-04-09 17:45:11,671 [INFO] Program start.
2022-04-09 17:45:11,671 [INFO] Choose option to do the operation.
2022-04-09 17:45:11,673 [INFO] 
 1. Add 
 2. update 
 3. select  
4. delete 
2022-04-09 17:45:24,645 [INFO] Program start.
2022-04-09 17:45:24,646 [INFO] Choose option to do the operation.
2022-04-09 17:45:24,647 [INFO] 
 1. Add 
 2. update 
 3. select  
 4. delete 
2022-04-09 17:49:30,869 [INFO] Program start.
2022-04-09 17:49:30,870 [INFO] Choose option to do the operation.
2022-04-09 17:49:30,870 [INFO] 
 1. Add 
 2. update 
 3. select  
 4. delete 
 5. exit 
2022-04-09 17:49:39,594 [INFO] Selected option is: 1
2022-04-09 18:02:27,697 [INFO] Program start.
2022-04-09 18:02:27,698 [INFO] Choose option to do the operation.
2022-04-09 18:02:27,700 [INFO] 
 1. Add 
 2. update 
 3. select  
 4. delete 
 5. exit 
2022-04-09 18:02:33,231 [INFO] Selected option is: 1
2022-04-09 18:02:48,696 [INFO] Program start.
2022-04-09 18:02:48,696 [INFO] Choose option to do the operation.
2022-04-09 18:02:48,696 [INFO] 
 1. Add 
 2. update 
 3. select  
 4. delete 
 5. exit 
2022-04-09 18:03:04,200 [INFO] Program start.
2022-04-09 18:03:04,201 [INFO] Choose option to do the operation.
2022-04-09 18:03:04,201 [INFO] 
 1. Add 
 2. update 
 3. select  
 4. delete 
 5. exit 
2022-04-09 18:03:08,801 [INFO] Selected option is: 1
2022-04-09 18:07:56,716 [INFO] Program start.
2022-04-09 18:07:56,718 [INFO] Choose option to do the operation.
2022-04-09 18:07:56,719 [INFO] 
 1. Add 
 2. update 
 3. select  
 4. delete 
 5. exit 
2022-04-09 18:08:23,742 [INFO] Program start.
2022-04-09 18:08:23,742 [INFO] Choose option to do the operation.
2022-04-09 18:08:23,743 [INFO] 
 1. Add 
 2. update 
 3. select  
 4. delete 
 5. exit 
2022-04-09 18:08:26,261 [INFO] Selected option is: 1
2022-04-09 18:11:04,835 [INFO] Program start.
2022-04-09 18:11:04,836 [INFO] Choose option to do the operation.
2022-04-09 18:11:04,836 [INFO] 
 1. Add 
 2. update 
 3. select  
 4. delete 
 5. exit 
2022-04-09 18:11:08,474 [INFO] Selected option is: 1
2022-04-09 18:12:11,854 [INFO] Program start.
2022-04-09 18:12:11,855 [INFO] Choose option to do the operation.
2022-04-09 18:12:11,855 [INFO] 
 1. Add 
 2. update 
 3. select  
 4. delete 
 5. exit 
2022-04-09 18:12:15,067 [INFO] Selected option is: 1
2022-04-09 18:13:44,136 [INFO] Program start.
2022-04-09 18:13:44,137 [INFO] Choose option to do the operation.
2022-04-09 18:13:44,137 [INFO] 
 1. Add 
 2. update 
 3. select  
 4. delete 
 5. exit 
2022-04-09 18:13:46,838 [INFO] Selected option is: 1
2022-04-09 18:13:46,839 [INFO] Going for add
2022-04-09 18:13:46,839 [INFO] Choose option to do the operation.
2022-04-09 18:13:46,839 [INFO] 
 1. Add 
 2. update 
 3. select  
 4. delete 
 5. exit 
2022-04-09 18:14:30,116 [INFO] Program start.
2022-04-09 18:14:30,117 [INFO] Choose option to do the operation.
2022-04-09 18:14:30,117 [INFO] 
 1. Add 
 2. update 
 3. select  
 4. delete 
 5. exit 
2022-04-09 18:14:34,885 [INFO] Selected option is: 1
2022-04-09 18:14:34,885 [INFO] Going for add
2022-04-09 18:14:34,886 [INFO] Choose option to do the operation.
2022-04-09 18:14:34,886 [INFO] 
 1. Add 
 2. update 
 3. select  
 4. delete 
 5. exit 
2022-04-09 18:15:37,026 [INFO] Program start.
2022-04-09 18:15:37,026 [INFO] Choose option to do the operation.
2022-04-09 18:15:37,027 [INFO] 
 1. Add 
 2. update 
 3. select  
 4. delete 
 5. exit 
2022-04-09 18:15:40,775 [INFO] Selected option is: 2
2022-04-09 18:15:40,775 [INFO] Going for update
2022-04-09 18:15:40,775 [INFO] Choose option to do the operation.
2022-04-09 18:15:40,776 [INFO] 
 1. Add 
 2. update 
 3. select  
 4. delete 
 5. exit 
2022-04-12 18:02:39,419 [INFO] Program start.
2022-04-12 18:02:39,420 [INFO] Choose option to do the operation.
2022-04-12 18:02:39,420 [INFO] 
 1. Add 
 2. update 
 3. select  
 4. delete 
 5. exit 
2022-04-12 18:04:50,966 [INFO] Selected option is: 1
2022-04-12 18:04:50,966 [INFO] Going for add
2022-04-12 18:05:15,809 [INFO] success.
2022-04-12 18:05:15,810 [INFO] Choose option to do the operation.
2022-04-12 18:05:15,810 [INFO] 
 1. Add 
 2. update 
 3. select  
 4. delete 
 5. exit 
2022-04-12 18:06:05,442 [INFO] Selected option is: 3
2022-04-12 18:06:05,443 [INFO] Going for select
2022-04-12 18:06:05,482 [INFO] success.
2022-04-12 18:06:05,482 [INFO] Choose option to do the operation.
2022-04-12 18:06:05,482 [INFO] 
 1. Add 
 2. update 
 3. select  
 4. delete 
 5. exit 
2022-04-12 18:06:25,534 [INFO] Selected option is: 5
2022-04-12 18:06:25,534 [INFO] Going for delete
2022-04-12 18:06:41,730 [INFO] success.
2022-04-12 18:06:41,731 [INFO] Choose option to do the operation.
2022-04-12 18:06:41,731 [INFO] 
 1. Add 
 2. update 
 3. select  
 4. delete 
 5. exit 
2022-04-12 18:07:00,170 [INFO] Selected option is: 2
2022-04-12 18:07:00,171 [INFO] Going for update
2022-04-12 18:07:10,736 [INFO] success.
2022-04-12 18:07:10,736 [INFO] Choose option to do the operation.
2022-04-12 18:07:10,737 [INFO] 
 1. Add 
 2. update 
 3. select  
 4. delete 
 5. exit 
2022-04-12 18:07:43,369 [INFO] Selected option is: 6
2022-04-12 18:07:43,369 [INFO] InValid option chosen..
2022-04-12 18:07:43,369 [INFO] Choose option to do the operation.
2022-04-12 18:07:43,370 [INFO] 
 1. Add 
 2. update 
 3. select  
 4. delete 
 5. exit 
2022-04-12 18:08:49,436 [INFO] Program start.
2022-04-12 18:08:49,437 [INFO] Choose option to do the operation.
2022-04-12 18:08:49,437 [INFO] 
 1. Add 
 2. update 
 3. select by id  
 4. select 
 5. delete 
 6. exit 
2022-04-12 18:09:06,503 [INFO] Going for select by id
2022-04-12 18:09:42,568 [INFO] Program start.
2022-04-12 18:09:42,569 [INFO] Choose option to do the operation.
2022-04-12 18:09:42,569 [INFO] 
 1. Add 
 2. update 
 3. select  
 4. select by id  
 5. delete 
 6. exit 
2022-04-12 18:09:47,384 [INFO] Going for select by id
2022-04-12 18:09:49,784 [INFO] success.
2022-04-12 18:09:49,784 [INFO] Choose option to do the operation.
2022-04-12 18:09:49,784 [INFO] 
 1. Add 
 2. update 
 3. select  
 4. select by id  
 5. delete 
 6. exit 
2022-04-12 18:10:01,187 [INFO] Selected option is: 3
2022-04-12 18:10:01,187 [INFO] Going for select
2022-04-12 18:10:01,210 [INFO] success.
2022-04-12 18:10:01,210 [INFO] Choose option to do the operation.
2022-04-12 18:10:01,210 [INFO] 
 1. Add 
 2. update 
 3. select  
 4. select by id  
 5. delete 
 6. exit 
2022-04-12 18:10:09,531 [INFO] Selected option is: 6
2022-04-12 18:10:46,919 [INFO] Program start.
2022-04-12 18:10:46,919 [INFO] Choose option to do the operation.
2022-04-12 18:10:46,920 [INFO] 
 1. Add 
 2. update 
 3. select  
 4. select by id  
 5. delete 
 6. exit 
2022-04-12 18:10:50,514 [INFO] STOP Request for program
